<?xml version="1.0" encoding="UTF-8"?>
<!-- Generated by org.testng.reporters.JUnitReportReporter -->
<testsuite hostname="DESKTOP-Q9L43KK" failures="0" tests="4" name="Testing" time="5.449" errors="0" timestamp="2024-12-01T13:24:57 PKT" skipped="0">
  <testcase classname="Testing" name="testGetUser" time="0.399"/>
  <testcase classname="Testing" name="testUpdateUser" time="0.739"/>
  <testcase classname="Testing" name="testDeleteUser" time="0.771"/>
  <testcase classname="Testing" name="testCreateUser" time="3.540"/>
</testsuite> <!-- Testing -->
